# JRE version: OpenJDK Runtime Environment (8.0_242-b01) (build 1.8.0_242-release-1644-b01)
# Java VM: OpenJDK 64-Bit Server VM (25.242-b01 mixed mode windows-amd64 compressed oops)
Heap:
 PSYoungGen      total 270848K, used 81659K [0x00000000d5580000, 0x00000000eac80000, 0x0000000100000000)
  eden space 260096K, 31% used [0x00000000d5580000,0x00000000da53ef40,0x00000000e5380000)
  from space 10752K, 0% used [0x00000000e5380000,0x00000000e5380000,0x00000000e5e00000)
  to   space 15872K, 0% used [0x00000000e9d00000,0x00000000e9d00000,0x00000000eac80000)
 ParOldGen       total 171008K, used 16176K [0x0000000080000000, 0x000000008a700000, 0x00000000d5580000)
  object space 171008K, 9% used [0x0000000080000000,0x0000000080fcc210,0x000000008a700000)
 Metaspace       used 37404K, capacity 39184K, committed 39424K, reserved 1083392K
  class space    used 5168K, capacity 5557K, committed 5632K, reserved 1048576K
GC Heap History (10 events):
Event: 1.900 GC heap before
{Heap before GC invocations=3 (full 0):
 PSYoungGen      total 140800K, used 81680K [0x00000000d5580000, 0x00000000de980000, 0x0000000100000000)
  eden space 130048K, 55% used [0x00000000d5580000,0x00000000d9c1f758,0x00000000dd480000)
  from space 10752K, 87% used [0x00000000ddf00000,0x00000000de824938,0x00000000de980000)
  to   space 10752K, 0% used [0x00000000dd480000,0x00000000dd480000,0x00000000ddf00000)
 ParOldGen       total 173568K, used 24K [0x0000000080000000, 0x000000008a980000, 0x00000000d5580000)
  object space 173568K, 0% used [0x0000000080000000,0x0000000080006000,0x000000008a980000)
 Metaspace       used 20483K, capacity 21222K, committed 21296K, reserved 1067008K
  class space    used 2855K, capacity 3037K, committed 3072K, reserved 1048576K
Event: 1.908 GC heap after
Heap after GC invocations=3 (full 0):
 PSYoungGen      total 140800K, used 10737K [0x00000000d5580000, 0x00000000e6880000, 0x0000000100000000)
  eden space 130048K, 0% used [0x00000000d5580000,0x00000000d5580000,0x00000000dd480000)
  from space 10752K, 99% used [0x00000000dd480000,0x00000000ddefc670,0x00000000ddf00000)
  to   space 10752K, 0% used [0x00000000e5e00000,0x00000000e5e00000,0x00000000e6880000)
 ParOldGen       total 173568K, used 1668K [0x0000000080000000, 0x000000008a980000, 0x00000000d5580000)
  object space 173568K, 0% used [0x0000000080000000,0x00000000801a1108,0x000000008a980000)
 Metaspace       used 20483K, capacity 21222K, committed 21296K, reserved 1067008K
  class space    used 2855K, capacity 3037K, committed 3072K, reserved 1048576K
}
Event: 1.908 GC heap before
{Heap before GC invocations=4 (full 1):
 PSYoungGen      total 140800K, used 10737K [0x00000000d5580000, 0x00000000e6880000, 0x0000000100000000)
  eden space 130048K, 0% used [0x00000000d5580000,0x00000000d5580000,0x00000000dd480000)
  from space 10752K, 99% used [0x00000000dd480000,0x00000000ddefc670,0x00000000ddf00000)
  to   space 10752K, 0% used [0x00000000e5e00000,0x00000000e5e00000,0x00000000e6880000)
 ParOldGen       total 173568K, used 1668K [0x0000000080000000, 0x000000008a980000, 0x00000000d5580000)
  object space 173568K, 0% used [0x0000000080000000,0x00000000801a1108,0x000000008a980000)
 Metaspace       used 20483K, capacity 21222K, committed 21296K, reserved 1067008K
  class space    used 2855K, capacity 3037K, committed 3072K, reserved 1048576K
Event: 1.930 GC heap after
Heap after GC invocations=4 (full 1):
 PSYoungGen      total 140800K, used 0K [0x00000000d5580000, 0x00000000e6880000, 0x0000000100000000)
  eden space 130048K, 0% used [0x00000000d5580000,0x00000000d5580000,0x00000000dd480000)
  from space 10752K, 0% used [0x00000000dd480000,0x00000000dd480000,0x00000000ddf00000)
  to   space 10752K, 0% used [0x00000000e5e00000,0x00000000e5e00000,0x00000000e6880000)
 ParOldGen       total 109056K, used 11935K [0x0000000080000000, 0x0000000086a80000, 0x00000000d5580000)
  object space 109056K, 10% used [0x0000000080000000,0x0000000080ba7d00,0x0000000086a80000)
 Metaspace       used 20483K, capacity 21222K, committed 21296K, reserved 1067008K
  class space    used 2855K, capacity 3037K, committed 3072K, reserved 1048576K
}
Event: 2.892 GC heap before
{Heap before GC invocations=5 (full 1):
 PSYoungGen      total 140800K, used 130048K [0x00000000d5580000, 0x00000000e6880000, 0x0000000100000000)
  eden space 130048K, 100% used [0x00000000d5580000,0x00000000dd480000,0x00000000dd480000)
  from space 10752K, 0% used [0x00000000dd480000,0x00000000dd480000,0x00000000ddf00000)
  to   space 10752K, 0% used [0x00000000e5e00000,0x00000000e5e00000,0x00000000e6880000)
 ParOldGen       total 109056K, used 11935K [0x0000000080000000, 0x0000000086a80000, 0x00000000d5580000)
  object space 109056K, 10% used [0x0000000080000000,0x0000000080ba7d00,0x0000000086a80000)
 Metaspace       used 32559K, capacity 33806K, committed 33920K, reserved 1079296K
  class space    used 4406K, capacity 4712K, committed 4736K, reserved 1048576K
Event: 2.909 GC heap after
Heap after GC invocations=5 (full 1):
 PSYoungGen      total 212992K, used 10734K [0x00000000d5580000, 0x00000000e6880000, 0x0000000100000000)
  eden space 202240K, 0% used [0x00000000d5580000,0x00000000d5580000,0x00000000e1b00000)
  from space 10752K, 99% used [0x00000000e5e00000,0x00000000e687b8a8,0x00000000e6880000)
  to   space 10752K, 0% used [0x00000000e5380000,0x00000000e5380000,0x00000000e5e00000)
 ParOldGen       total 109056K, used 14809K [0x0000000080000000, 0x0000000086a80000, 0x00000000d5580000)
  object space 109056K, 13% used [0x0000000080000000,0x0000000080e765e8,0x0000000086a80000)
 Metaspace       used 32559K, capacity 33806K, committed 33920K, reserved 1079296K
  class space    used 4406K, capacity 4712K, committed 4736K, reserved 1048576K
}
Event: 3.245 GC heap before
{Heap before GC invocations=6 (full 1):
 PSYoungGen      total 212992K, used 50723K [0x00000000d5580000, 0x00000000e6880000, 0x0000000100000000)
  eden space 202240K, 19% used [0x00000000d5580000,0x00000000d7c8d5f0,0x00000000e1b00000)
  from space 10752K, 99% used [0x00000000e5e00000,0x00000000e687b8a8,0x00000000e6880000)
  to   space 10752K, 0% used [0x00000000e5380000,0x00000000e5380000,0x00000000e5e00000)
 ParOldGen       total 109056K, used 14809K [0x0000000080000000, 0x0000000086a80000, 0x00000000d5580000)
  object space 109056K, 13% used [0x0000000080000000,0x0000000080e765e8,0x0000000086a80000)
 Metaspace       used 33997K, capacity 35408K, committed 35456K, reserved 1079296K
  class space    used 4601K, capacity 4977K, committed 4992K, reserved 1048576K
Event: 3.252 GC heap after
Heap after GC invocations=6 (full 1):
 PSYoungGen      total 270848K, used 9611K [0x00000000d5580000, 0x00000000eac80000, 0x0000000100000000)
  eden space 260096K, 0% used [0x00000000d5580000,0x00000000d5580000,0x00000000e5380000)
  from space 10752K, 89% used [0x00000000e5380000,0x00000000e5ce2df8,0x00000000e5e00000)
  to   space 15872K, 0% used [0x00000000e9d00000,0x00000000e9d00000,0x00000000eac80000)
 ParOldGen       total 109056K, used 14817K [0x0000000080000000, 0x0000000086a80000, 0x00000000d5580000)
  object space 109056K, 13% used [0x0000000080000000,0x0000000080e785e8,0x0000000086a80000)
 Metaspace       used 33997K, capacity 35408K, committed 35456K, reserved 1079296K
  class space    used 4601K, capacity 4977K, committed 4992K, reserved 1048576K
}
Event: 3.252 GC heap before
{Heap before GC invocations=7 (full 2):
 PSYoungGen      total 270848K, used 9611K [0x00000000d5580000, 0x00000000eac80000, 0x0000000100000000)
  eden space 260096K, 0% used [0x00000000d5580000,0x00000000d5580000,0x00000000e5380000)
  from space 10752K, 89% used [0x00000000e5380000,0x00000000e5ce2df8,0x00000000e5e00000)
  to   space 15872K, 0% used [0x00000000e9d00000,0x00000000e9d00000,0x00000000eac80000)
 ParOldGen       total 109056K, used 14817K [0x0000000080000000, 0x0000000086a80000, 0x00000000d5580000)
  object space 109056K, 13% used [0x0000000080000000,0x0000000080e785e8,0x0000000086a80000)
 Metaspace       used 33997K, capacity 35408K, committed 35456K, reserved 1079296K
  class space    used 4601K, capacity 4977K, committed 4992K, reserved 1048576K
Event: 3.298 GC heap after
Heap after GC invocations=7 (full 2):
 PSYoungGen      total 270848K, used 0K [0x00000000d5580000, 0x00000000eac80000, 0x0000000100000000)
  eden space 260096K, 0% used [0x00000000d5580000,0x00000000d5580000,0x00000000e5380000)
  from space 10752K, 0% used [0x00000000e5380000,0x00000000e5380000,0x00000000e5e00000)
  to   space 15872K, 0% used [0x00000000e9d00000,0x00000000e9d00000,0x00000000eac80000)
 ParOldGen       total 171008K, used 16176K [0x0000000080000000, 0x000000008a700000, 0x00000000d5580000)
  object space 171008K, 9% used [0x0000000080000000,0x0000000080fcc210,0x000000008a700000)
 Metaspace       used 33997K, capacity 35408K, committed 35456K, reserved 1079296K
  class space    used 4601K, capacity 4977K, committed 4992K, reserved 1048576K
}

