# JRE version: OpenJDK Runtime Environment (8.0_242-b01) (build 1.8.0_242-release-1644-b01)
# Java VM: OpenJDK 64-Bit Server VM (25.242-b01 mixed mode windows-amd64 compressed oops)
Heap:
 PSYoungGen      total 233984K, used 176814K [0x00000000d5580000, 0x00000000e4980000, 0x0000000100000000)
  eden space 220160K, 80% used [0x00000000d5580000,0x00000000e022b890,0x00000000e2c80000)
  from space 13824K, 0% used [0x00000000e3c00000,0x00000000e3c00000,0x00000000e4980000)
  to   space 14848K, 0% used [0x00000000e2c80000,0x00000000e2c80000,0x00000000e3b00000)
 ParOldGen       total 215040K, used 42606K [0x0000000080000000, 0x000000008d200000, 0x00000000d5580000)
  object space 215040K, 19% used [0x0000000080000000,0x000000008299b908,0x000000008d200000)
 Metaspace       used 66216K, capacity 69198K, committed 69336K, reserved 1110016K
  class space    used 9091K, capacity 9655K, committed 9688K, reserved 1048576K
GC Heap History (10 events):
Event: 2.225 GC heap before
{Heap before GC invocations=7 (full 1):
 PSYoungGen      total 140800K, used 47886K [0x00000000d5580000, 0x00000000e4b00000, 0x0000000100000000)
  eden space 130048K, 28% used [0x00000000d5580000,0x00000000d79c7920,0x00000000dd480000)
  from space 10752K, 99% used [0x00000000dd480000,0x00000000ddefc080,0x00000000ddf00000)
  to   space 15360K, 0% used [0x00000000e3c00000,0x00000000e3c00000,0x00000000e4b00000)
 ParOldGen       total 91136K, used 10129K [0x0000000080000000, 0x0000000085900000, 0x00000000d5580000)
  object space 91136K, 11% used [0x0000000080000000,0x00000000809e4458,0x0000000085900000)
 Metaspace       used 33975K, capacity 35376K, committed 35456K, reserved 1079296K
  class space    used 4597K, capacity 4945K, committed 4992K, reserved 1048576K
Event: 2.232 GC heap after
Heap after GC invocations=7 (full 1):
 PSYoungGen      total 233984K, used 9518K [0x00000000d5580000, 0x00000000e4980000, 0x0000000100000000)
  eden space 220160K, 0% used [0x00000000d5580000,0x00000000d5580000,0x00000000e2c80000)
  from space 13824K, 68% used [0x00000000e3c00000,0x00000000e454bb18,0x00000000e4980000)
  to   space 14848K, 0% used [0x00000000e2c80000,0x00000000e2c80000,0x00000000e3b00000)
 ParOldGen       total 91136K, used 10137K [0x0000000080000000, 0x0000000085900000, 0x00000000d5580000)
  object space 91136K, 11% used [0x0000000080000000,0x00000000809e6458,0x0000000085900000)
 Metaspace       used 33975K, capacity 35376K, committed 35456K, reserved 1079296K
  class space    used 4597K, capacity 4945K, committed 4992K, reserved 1048576K
}
Event: 2.232 GC heap before
{Heap before GC invocations=8 (full 2):
 PSYoungGen      total 233984K, used 9518K [0x00000000d5580000, 0x00000000e4980000, 0x0000000100000000)
  eden space 220160K, 0% used [0x00000000d5580000,0x00000000d5580000,0x00000000e2c80000)
  from space 13824K, 68% used [0x00000000e3c00000,0x00000000e454bb18,0x00000000e4980000)
  to   space 14848K, 0% used [0x00000000e2c80000,0x00000000e2c80000,0x00000000e3b00000)
 ParOldGen       total 91136K, used 10137K [0x0000000080000000, 0x0000000085900000, 0x00000000d5580000)
  object space 91136K, 11% used [0x0000000080000000,0x00000000809e6458,0x0000000085900000)
 Metaspace       used 33975K, capacity 35376K, committed 35456K, reserved 1079296K
  class space    used 4597K, capacity 4945K, committed 4992K, reserved 1048576K
Event: 2.266 GC heap after
Heap after GC invocations=8 (full 2):
 PSYoungGen      total 233984K, used 0K [0x00000000d5580000, 0x00000000e4980000, 0x0000000100000000)
  eden space 220160K, 0% used [0x00000000d5580000,0x00000000d5580000,0x00000000e2c80000)
  from space 13824K, 0% used [0x00000000e3c00000,0x00000000e3c00000,0x00000000e4980000)
  to   space 14848K, 0% used [0x00000000e2c80000,0x00000000e2c80000,0x00000000e3b00000)
 ParOldGen       total 137728K, used 16242K [0x0000000080000000, 0x0000000088680000, 0x00000000d5580000)
  object space 137728K, 11% used [0x0000000080000000,0x0000000080fdcb98,0x0000000088680000)
 Metaspace       used 33975K, capacity 35376K, committed 35456K, reserved 1079296K
  class space    used 4597K, capacity 4945K, committed 4992K, reserved 1048576K
}
Event: 3.875 GC heap before
{Heap before GC invocations=9 (full 2):
 PSYoungGen      total 233984K, used 220160K [0x00000000d5580000, 0x00000000e4980000, 0x0000000100000000)
  eden space 220160K, 100% used [0x00000000d5580000,0x00000000e2c80000,0x00000000e2c80000)
  from space 13824K, 0% used [0x00000000e3c00000,0x00000000e3c00000,0x00000000e4980000)
  to   space 14848K, 0% used [0x00000000e2c80000,0x00000000e2c80000,0x00000000e3b00000)
 ParOldGen       total 137728K, used 16242K [0x0000000080000000, 0x0000000088680000, 0x00000000d5580000)
  object space 137728K, 11% used [0x0000000080000000,0x0000000080fdcb98,0x0000000088680000)
 Metaspace       used 45829K, capacity 48110K, committed 48512K, reserved 1091584K
  class space    used 6230K, capacity 6675K, committed 6784K, reserved 1048576K
Event: 3.888 GC heap after
Heap after GC invocations=9 (full 2):
 PSYoungGen      total 235008K, used 14836K [0x00000000d5580000, 0x00000000e4980000, 0x0000000100000000)
  eden space 220160K, 0% used [0x00000000d5580000,0x00000000d5580000,0x00000000e2c80000)
  from space 14848K, 99% used [0x00000000e2c80000,0x00000000e3afd110,0x00000000e3b00000)
  to   space 13824K, 0% used [0x00000000e3c00000,0x00000000e3c00000,0x00000000e4980000)
 ParOldGen       total 137728K, used 21617K [0x0000000080000000, 0x0000000088680000, 0x00000000d5580000)
  object space 137728K, 15% used [0x0000000080000000,0x000000008151c670,0x0000000088680000)
 Metaspace       used 45829K, capacity 48110K, committed 48512K, reserved 1091584K
  class space    used 6230K, capacity 6675K, committed 6784K, reserved 1048576K
}
Event: 4.886 GC heap before
{Heap before GC invocations=10 (full 2):
 PSYoungGen      total 235008K, used 158220K [0x00000000d5580000, 0x00000000e4980000, 0x0000000100000000)
  eden space 220160K, 65% used [0x00000000d5580000,0x00000000de1860d8,0x00000000e2c80000)
  from space 14848K, 99% used [0x00000000e2c80000,0x00000000e3afd110,0x00000000e3b00000)
  to   space 13824K, 0% used [0x00000000e3c00000,0x00000000e3c00000,0x00000000e4980000)
 ParOldGen       total 137728K, used 21617K [0x0000000080000000, 0x0000000088680000, 0x00000000d5580000)
  object space 137728K, 15% used [0x0000000080000000,0x000000008151c670,0x0000000088680000)
 Metaspace       used 56406K, capacity 59040K, committed 59096K, reserved 1099776K
  class space    used 7581K, capacity 8116K, committed 8152K, reserved 1048576K
Event: 4.907 GC heap after
Heap after GC invocations=10 (full 2):
 PSYoungGen      total 233984K, used 13792K [0x00000000d5580000, 0x00000000e4980000, 0x0000000100000000)
  eden space 220160K, 0% used [0x00000000d5580000,0x00000000d5580000,0x00000000e2c80000)
  from space 13824K, 99% used [0x00000000e3c00000,0x00000000e4978030,0x00000000e4980000)
  to   space 14848K, 0% used [0x00000000e2c80000,0x00000000e2c80000,0x00000000e3b00000)
 ParOldGen       total 137728K, used 36130K [0x0000000080000000, 0x0000000088680000, 0x00000000d5580000)
  object space 137728K, 26% used [0x0000000080000000,0x0000000082348880,0x0000000088680000)
 Metaspace       used 56406K, capacity 59040K, committed 59096K, reserved 1099776K
  class space    used 7581K, capacity 8116K, committed 8152K, reserved 1048576K
}
Event: 4.907 GC heap before
{Heap before GC invocations=11 (full 3):
 PSYoungGen      total 233984K, used 13792K [0x00000000d5580000, 0x00000000e4980000, 0x0000000100000000)
  eden space 220160K, 0% used [0x00000000d5580000,0x00000000d5580000,0x00000000e2c80000)
  from space 13824K, 99% used [0x00000000e3c00000,0x00000000e4978030,0x00000000e4980000)
  to   space 14848K, 0% used [0x00000000e2c80000,0x00000000e2c80000,0x00000000e3b00000)
 ParOldGen       total 137728K, used 36130K [0x0000000080000000, 0x0000000088680000, 0x00000000d5580000)
  object space 137728K, 26% used [0x0000000080000000,0x0000000082348880,0x0000000088680000)
 Metaspace       used 56406K, capacity 59040K, committed 59096K, reserved 1099776K
  class space    used 7581K, capacity 8116K, committed 8152K, reserved 1048576K
Event: 5.091 GC heap after
Heap after GC invocations=11 (full 3):
 PSYoungGen      total 233984K, used 0K [0x00000000d5580000, 0x00000000e4980000, 0x0000000100000000)
  eden space 220160K, 0% used [0x00000000d5580000,0x00000000d5580000,0x00000000e2c80000)
  from space 13824K, 0% used [0x00000000e3c00000,0x00000000e3c00000,0x00000000e4980000)
  to   space 14848K, 0% used [0x00000000e2c80000,0x00000000e2c80000,0x00000000e3b00000)
 ParOldGen       total 215040K, used 42606K [0x0000000080000000, 0x000000008d200000, 0x00000000d5580000)
  object space 215040K, 19% used [0x0000000080000000,0x000000008299b908,0x000000008d200000)
 Metaspace       used 56338K, capacity 58812K, committed 59096K, reserved 1099776K
  class space    used 7560K, capacity 8078K, committed 8152K, reserved 1048576K
}

